{"/project/sandbox/user-workspace/client/contexts/AuthContext.jsx": {"path":"/project/sandbox/user-workspace/client/contexts/AuthContext.jsx","statementMap":{"0":{"start":{"line":3,"column":27},"end":{"line":3,"column":42}},"1":{"start":{"line":5,"column":28},"end":{"line":59,"column":1}},"2":{"start":{"line":6,"column":26},"end":{"line":6,"column":40}},"3":{"start":{"line":7,"column":40},"end":{"line":7,"column":54}},"4":{"start":{"line":9,"column":16},"end":{"line":22,"column":3}},"5":{"start":{"line":10,"column":21},"end":{"line":14,"column":6}},"6":{"start":{"line":15,"column":4},"end":{"line":18,"column":5}},"7":{"start":{"line":16,"column":20},"end":{"line":16,"column":41}},"8":{"start":{"line":17,"column":6},"end":{"line":17,"column":55}},"9":{"start":{"line":19,"column":17},"end":{"line":19,"column":38}},"10":{"start":{"line":20,"column":4},"end":{"line":20,"column":23}},"11":{"start":{"line":21,"column":4},"end":{"line":21,"column":37}},"12":{"start":{"line":24,"column":17},"end":{"line":28,"column":3}},"13":{"start":{"line":25,"column":4},"end":{"line":25,"column":46}},"14":{"start":{"line":26,"column":4},"end":{"line":26,"column":18}},"15":{"start":{"line":27,"column":4},"end":{"line":27,"column":25}},"16":{"start":{"line":30,"column":29},"end":{"line":38,"column":3}},"17":{"start":{"line":31,"column":21},"end":{"line":31,"column":69}},"18":{"start":{"line":32,"column":4},"end":{"line":37,"column":5}},"19":{"start":{"line":33,"column":19},"end":{"line":33,"column":40}},"20":{"start":{"line":34,"column":6},"end":{"line":34,"column":39}},"21":{"start":{"line":36,"column":6},"end":{"line":36,"column":15}},"22":{"start":{"line":40,"column":2},"end":{"line":52,"column":20}},"23":{"start":{"line":41,"column":4},"end":{"line":41,"column":29}},"24":{"start":{"line":41,"column":22},"end":{"line":41,"column":29}},"25":{"start":{"line":42,"column":25},"end":{"line":42,"column":68}},"26":{"start":{"line":43,"column":22},"end":{"line":43,"column":45}},"27":{"start":{"line":44,"column":16},"end":{"line":44,"column":26}},"28":{"start":{"line":45,"column":20},"end":{"line":45,"column":43}},"29":{"start":{"line":46,"column":4},"end":{"line":51,"column":5}},"30":{"start":{"line":47,"column":20},"end":{"line":47,"column":59}},"31":{"start":{"line":48,"column":6},"end":{"line":48,"column":39}},"32":{"start":{"line":48,"column":19},"end":{"line":48,"column":38}},"33":{"start":{"line":50,"column":6},"end":{"line":50,"column":27}},"34":{"start":{"line":54,"column":2},"end":{"line":58,"column":4}}},"fnMap":{"0":{"name":"(anonymous_0)","decl":{"start":{"line":5,"column":28},"end":{"line":5,"column":29}},"loc":{"start":{"line":5,"column":46},"end":{"line":59,"column":1}},"line":5},"1":{"name":"(anonymous_1)","decl":{"start":{"line":9,"column":16},"end":{"line":9,"column":17}},"loc":{"start":{"line":9,"column":43},"end":{"line":22,"column":3}},"line":9},"2":{"name":"(anonymous_2)","decl":{"start":{"line":24,"column":17},"end":{"line":24,"column":18}},"loc":{"start":{"line":24,"column":23},"end":{"line":28,"column":3}},"line":24},"3":{"name":"(anonymous_3)","decl":{"start":{"line":30,"column":29},"end":{"line":30,"column":30}},"loc":{"start":{"line":30,"column":41},"end":{"line":38,"column":3}},"line":30},"4":{"name":"(anonymous_4)","decl":{"start":{"line":40,"column":12},"end":{"line":40,"column":13}},"loc":{"start":{"line":40,"column":18},"end":{"line":52,"column":3}},"line":40},"5":{"name":"(anonymous_5)","decl":{"start":{"line":48,"column":13},"end":{"line":48,"column":14}},"loc":{"start":{"line":48,"column":19},"end":{"line":48,"column":38}},"line":48}},"branchMap":{"0":{"loc":{"start":{"line":15,"column":4},"end":{"line":18,"column":5}},"type":"if","locations":[{"start":{"line":15,"column":4},"end":{"line":18,"column":5}},{"start":{},"end":{}}],"line":15},"1":{"loc":{"start":{"line":17,"column":22},"end":{"line":17,"column":53}},"type":"binary-expr","locations":[{"start":{"line":17,"column":22},"end":{"line":17,"column":35}},{"start":{"line":17,"column":39},"end":{"line":17,"column":53}}],"line":17},"2":{"loc":{"start":{"line":32,"column":4},"end":{"line":37,"column":5}},"type":"if","locations":[{"start":{"line":32,"column":4},"end":{"line":37,"column":5}},{"start":{"line":35,"column":11},"end":{"line":37,"column":5}}],"line":32},"3":{"loc":{"start":{"line":41,"column":4},"end":{"line":41,"column":29}},"type":"if","locations":[{"start":{"line":41,"column":4},"end":{"line":41,"column":29}},{"start":{},"end":{}}],"line":41},"4":{"loc":{"start":{"line":46,"column":4},"end":{"line":51,"column":5}},"type":"if","locations":[{"start":{"line":46,"column":4},"end":{"line":51,"column":5}},{"start":{"line":49,"column":11},"end":{"line":51,"column":5}}],"line":46}},"s":{"0":1,"1":1,"2":0,"3":0,"4":0,"5":0,"6":0,"7":0,"8":0,"9":0,"10":0,"11":0,"12":0,"13":0,"14":0,"15":0,"16":0,"17":0,"18":0,"19":0,"20":0,"21":0,"22":0,"23":0,"24":0,"25":0,"26":0,"27":0,"28":0,"29":0,"30":0,"31":0,"32":0,"33":0,"34":0},"f":{"0":0,"1":0,"2":0,"3":0,"4":0,"5":0},"b":{"0":[0,0],"1":[0,0],"2":[0,0],"3":[0,0],"4":[0,0]},"_coverageSchema":"1a1c01bbd47fc00a2c39e90264f33305004495a9","hash":"f3f29e89a088d905b9fd7194ecb060ca37a2b31f"}
,"/project/sandbox/user-workspace/client/pages/login.jsx": {"path":"/project/sandbox/user-workspace/client/pages/login.jsx","statementMap":{"0":{"start":{"line":6,"column":20},"end":{"line":6,"column":43}},"1":{"start":{"line":7,"column":28},"end":{"line":7,"column":40}},"2":{"start":{"line":8,"column":34},"end":{"line":8,"column":46}},"3":{"start":{"line":9,"column":28},"end":{"line":9,"column":42}},"4":{"start":{"line":10,"column":19},"end":{"line":10,"column":32}},"5":{"start":{"line":12,"column":23},"end":{"line":21,"column":3}},"6":{"start":{"line":13,"column":4},"end":{"line":13,"column":23}},"7":{"start":{"line":14,"column":4},"end":{"line":14,"column":19}},"8":{"start":{"line":15,"column":4},"end":{"line":20,"column":5}},"9":{"start":{"line":16,"column":6},"end":{"line":16,"column":35}},"10":{"start":{"line":17,"column":6},"end":{"line":17,"column":29}},"11":{"start":{"line":19,"column":6},"end":{"line":19,"column":28}},"12":{"start":{"line":23,"column":2},"end":{"line":68,"column":4}},"13":{"start":{"line":37,"column":19},"end":{"line":37,"column":43}},"14":{"start":{"line":52,"column":19},"end":{"line":52,"column":46}}},"fnMap":{"0":{"name":"Login","decl":{"start":{"line":5,"column":24},"end":{"line":5,"column":29}},"loc":{"start":{"line":5,"column":32},"end":{"line":69,"column":1}},"line":5},"1":{"name":"(anonymous_1)","decl":{"start":{"line":12,"column":23},"end":{"line":12,"column":24}},"loc":{"start":{"line":12,"column":36},"end":{"line":21,"column":3}},"line":12},"2":{"name":"(anonymous_2)","decl":{"start":{"line":37,"column":12},"end":{"line":37,"column":13}},"loc":{"start":{"line":37,"column":19},"end":{"line":37,"column":43}},"line":37},"3":{"name":"(anonymous_3)","decl":{"start":{"line":52,"column":12},"end":{"line":52,"column":13}},"loc":{"start":{"line":52,"column":19},"end":{"line":52,"column":46}},"line":52}},"branchMap":{"0":{"loc":{"start":{"line":58,"column":11},"end":{"line":58,"column":84}},"type":"binary-expr","locations":[{"start":{"line":58,"column":11},"end":{"line":58,"column":16}},{"start":{"line":58,"column":20},"end":{"line":58,"column":84}}],"line":58}},"s":{"0":11,"1":11,"2":11,"3":11,"4":11,"5":11,"6":2,"7":2,"8":2,"9":2,"10":1,"11":1,"12":11,"13":2,"14":2},"f":{"0":11,"1":2,"2":2,"3":2},"b":{"0":[11,1]},"_coverageSchema":"1a1c01bbd47fc00a2c39e90264f33305004495a9","hash":"b0edbe377125f9035749e254d182f5569b1c152b"}
}
