TN:
SF:contexts/AuthContext.jsx
FN:5,(anonymous_0)
FN:9,(anonymous_1)
FN:24,(anonymous_2)
FN:30,(anonymous_3)
FN:40,(anonymous_4)
FN:48,(anonymous_5)
FNF:6
FNH:0
FNDA:0,(anonymous_0)
FNDA:0,(anonymous_1)
FNDA:0,(anonymous_2)
FNDA:0,(anonymous_3)
FNDA:0,(anonymous_4)
FNDA:0,(anonymous_5)
DA:3,1
DA:5,1
DA:6,0
DA:7,0
DA:9,0
DA:10,0
DA:15,0
DA:16,0
DA:17,0
DA:19,0
DA:20,0
DA:21,0
DA:24,0
DA:25,0
DA:26,0
DA:27,0
DA:30,0
DA:31,0
DA:32,0
DA:33,0
DA:34,0
DA:36,0
DA:40,0
DA:41,0
DA:42,0
DA:43,0
DA:44,0
DA:45,0
DA:46,0
DA:47,0
DA:48,0
DA:50,0
DA:54,0
LF:33
LH:2
BRDA:15,0,0,0
BRDA:15,0,1,0
BRDA:17,1,0,0
BRDA:17,1,1,0
BRDA:32,2,0,0
BRDA:32,2,1,0
BRDA:41,3,0,0
BRDA:41,3,1,0
BRDA:46,4,0,0
BRDA:46,4,1,0
BRF:10
BRH:0
end_of_record
TN:
SF:pages/login.jsx
FN:5,Login
FN:12,(anonymous_1)
FN:37,(anonymous_2)
FN:52,(anonymous_3)
FNF:4
FNH:4
FNDA:11,Login
FNDA:2,(anonymous_1)
FNDA:2,(anonymous_2)
FNDA:2,(anonymous_3)
DA:6,11
DA:7,11
DA:8,11
DA:9,11
DA:10,11
DA:12,11
DA:13,2
DA:14,2
DA:15,2
DA:16,2
DA:17,1
DA:19,1
DA:23,11
DA:37,2
DA:52,2
LF:15
LH:15
BRDA:58,0,0,11
BRDA:58,0,1,1
BRF:2
BRH:2
end_of_record
